C:\DOCUMENTS AND SETTINGS\NAKAO\デスクトップ\WORK\SHOOTING2011\DEBUG\SHOOTING2011.EXE
C:\DOCUMENTS AND SETTINGS\NAKAO\デスクトップ\WORK\SHOOTING2011\DEBUG\SHOOTING2011.ILK
C:\DOCUMENTS AND SETTINGS\NAKAO\デスクトップ\WORK\SHOOTING2011\DEBUG\SHOOTING2011.PDB
C:\Documents and Settings\Nakao\デスクトップ\work\shooting2011\shooting2011\Debug\cl.command.1.tlog
C:\Documents and Settings\Nakao\デスクトップ\work\shooting2011\shooting2011\Debug\CL.read.1.tlog
C:\Documents and Settings\Nakao\デスクトップ\work\shooting2011\shooting2011\Debug\CL.write.1.tlog
C:\Documents and Settings\Nakao\デスクトップ\work\shooting2011\shooting2011\Debug\link.3036.read.1.tlog
C:\Documents and Settings\Nakao\デスクトップ\work\shooting2011\shooting2011\Debug\link.3036.write.1.tlog
C:\Documents and Settings\Nakao\デスクトップ\work\shooting2011\shooting2011\Debug\link.3036-cvtres.read.1.tlog
C:\Documents and Settings\Nakao\デスクトップ\work\shooting2011\shooting2011\Debug\link.3036-cvtres.write.1.tlog
C:\Documents and Settings\Nakao\デスクトップ\work\shooting2011\shooting2011\Debug\link.command.1.tlog
C:\Documents and Settings\Nakao\デスクトップ\work\shooting2011\shooting2011\Debug\link.read.1.tlog
C:\Documents and Settings\Nakao\デスクトップ\work\shooting2011\shooting2011\Debug\link.write.1.tlog
C:\Documents and Settings\Nakao\デスクトップ\work\shooting2011\shooting2011\Debug\link-cvtres.read.1.tlog
C:\Documents and Settings\Nakao\デスクトップ\work\shooting2011\shooting2011\Debug\link-cvtres.write.1.tlog
C:\DOCUMENTS AND SETTINGS\NAKAO\デスクトップ\WORK\SHOOTING2011\SHOOTING2011\DEBUG\MAIN.OBJ
C:\Documents and Settings\Nakao\デスクトップ\work\shooting2011\shooting2011\Debug\mt.command.1.tlog
C:\Documents and Settings\Nakao\デスクトップ\work\shooting2011\shooting2011\Debug\mt.read.1.tlog
C:\Documents and Settings\Nakao\デスクトップ\work\shooting2011\shooting2011\Debug\mt.write.1.tlog
C:\Documents and Settings\Nakao\デスクトップ\work\shooting2011\shooting2011\Debug\rc.command.1.tlog
C:\Documents and Settings\Nakao\デスクトップ\work\shooting2011\shooting2011\Debug\rc.read.1.tlog
C:\Documents and Settings\Nakao\デスクトップ\work\shooting2011\shooting2011\Debug\rc.write.1.tlog
C:\DOCUMENTS AND SETTINGS\NAKAO\デスクトップ\WORK\SHOOTING2011\SHOOTING2011\DEBUG\SHOOTING2011.EXE.EMBED.MANIFEST
C:\DOCUMENTS AND SETTINGS\NAKAO\デスクトップ\WORK\SHOOTING2011\SHOOTING2011\DEBUG\SHOOTING2011.EXE.EMBED.MANIFEST.RES
C:\DOCUMENTS AND SETTINGS\NAKAO\デスクトップ\WORK\SHOOTING2011\SHOOTING2011\DEBUG\SHOOTING2011.EXE.INTERMEDIATE.MANIFEST
C:\Documents and Settings\Nakao\デスクトップ\work\shooting2011\shooting2011\Debug\shooting2011_manifest.rc
C:\Documents and Settings\Nakao\デスクトップ\work\shooting2011\shooting2011\Debug\vc100.idb
C:\DOCUMENTS AND SETTINGS\NAKAO\デスクトップ\WORK\SHOOTING2011\SHOOTING2011\DEBUG\VC100.PDB
