2011/09/30 12:15:04 にビルドを開始しました。
     1>ノード 2 上のプロジェクト "C:\Documents and Settings\Nakao\デスクトップ\work\shooting2011\shooting2011\shooting2011.vcxproj" (build ターゲット)。
     1>InitializeBuildStatus:
         "AlwaysCreate" が指定されたため "Debug\shooting2011.unsuccessfulbuild" を作成しています。
       ClCompile:
         c:\Program Files\Microsoft Visual Studio 10.0\VC\bin\CL.exe /c /I../dxlib /I./dxlib /ZI /nologo /W3 /WX- /Od /Oy- /D WIN32 /D _DEBUG /D _WINDOWS /D _MBCS /Gm /EHsc /RTC1 /MTd /GS /fp:precise /Zc:wchar_t /Zc:forScope /Fo"Debug\\" /Fd"Debug\vc100.pdb" /Gd /TP /analyze- /errorReport:prompt bullet.cpp enemy.cpp hero.cpp main.cpp shooting.cpp
         shooting.cpp
         enemy.cpp
         コードを生成中...
         スキップ中... (関連する変更は検出されませんでした)
         main.cpp
         hero.cpp
         bullet.cpp
       ManifestResourceCompile:
         すべての出力が最新のものです。
       Link:
         c:\Program Files\Microsoft Visual Studio 10.0\VC\bin\link.exe /ERRORREPORT:PROMPT /OUT:"C:\Documents and Settings\Nakao\デスクトップ\work\shooting2011\Debug\shooting2011.exe" /INCREMENTAL /NOLOGO /LIBPATH:../dxlib kernel32.lib user32.lib gdi32.lib winspool.lib comdlg32.lib advapi32.lib shell32.lib ole32.lib oleaut32.lib uuid.lib odbc32.lib odbccp32.lib /MANIFEST /ManifestFile:"Debug\shooting2011.exe.intermediate.manifest" /MANIFESTUAC:"level='asInvoker' uiAccess='false'" /DEBUG /PDB:"C:\Documents and Settings\Nakao\デスクトップ\work\shooting2011\Debug\shooting2011.pdb" /SUBSYSTEM:WINDOWS /TLBID:1 /DYNAMICBASE /NXCOMPAT /IMPLIB:"C:\Documents and Settings\Nakao\デスクトップ\work\shooting2011\Debug\shooting2011.lib" /MACHINE:X86 Debug\shooting2011.exe.embed.manifest.res
         Debug\bullet.obj
         Debug\enemy.obj
         Debug\hero.obj
         Debug\main.obj
         Debug\MovingObject.obj
         Debug\shooting.obj
         Debug\something.obj
       Manifest:
         C:\Program Files\Microsoft SDKs\Windows\v7.0A\bin\mt.exe /nologo /verbose /out:"Debug\shooting2011.exe.embed.manifest" /manifest Debug\shooting2011.exe.intermediate.manifest
         すべての出力が最新のものです。
       LinkEmbedManifest:
         すべての出力が最新のものです。
         shooting2011.vcxproj -> C:\Documents and Settings\Nakao\デスクトップ\work\shooting2011\Debug\shooting2011.exe
       FinalizeBuildStatus:
         ファイル "Debug\shooting2011.unsuccessfulbuild" を削除しています。
         "Debug\shooting2011.lastbuildstate" のタッチ タスクを実行しています。
     1>プロジェクト "C:\Documents and Settings\Nakao\デスクトップ\work\shooting2011\shooting2011\shooting2011.vcxproj" (build ターゲット) のビルドが完了しました。

ビルドに成功しました。

経過時間 00:00:14.15
